<?xml version="1.0" encoding="UTF-8"?>
<testsuite xmlns:xsi="http://www.w3.org/2001/XMLSchema-instance" xsi:noNamespaceSchemaLocation="https://maven.apache.org/surefire/maven-surefire-plugin/xsd/surefire-test-report.xsd" name="com.webfullstackdev.udemyin28minutes.sbin100steps.advance.first_springboot_in28min.AppTest" time="0.004" tests="1" errors="0" skipped="0" failures="0">
  <properties>
[...]
</properties>
  <testcase name="testApp" classname="com.webfullstackdev.udemyin28minutes.sbin100steps.advance.first_springboot_in28min.AppTest" time="0.001"/>
</testsuite>